<?xml version="1.0" encoding="UTF-8"?>
<!-- Generated by org.testng.reporters.JUnitReportReporter -->
<testsuite skipped="0" hostname="DESKTOP-C09UPJQ" name="TestCases.FyndTc" tests="1" failures="0" timestamp="2020-10-02T02:31:19 IST" time="5.857" errors="0">
  <testcase name="postrequest" time="5.857" classname="TestCases.FyndTc"/>
  <system-out/>
</testsuite> <!-- TestCases.FyndTc -->
